HBPLUS Hydrogen Bond Calculator v 3.2            May 05 01:30:33 UTC 2021
(c) I McDonald, D Naylor, D Jones and J Thornton 1993 All Rights Reserved.

Configured for 100000 atoms and 24000 residues.

Criteria

Minimum Angles; DHA 90.00, HAAA 90.00, DAAA 90.00
Maximum Distances; D-A 3.3, H-A 2.7, S-S 3.0
Maximum angles at aromatic acceptors DAAX 20.00, HAAAX 20.00
Minimum covalent separation 3 Covalent bonds


Processing file "../../ours/6ID0_icn3d.pdb" . . .
Opening "../../ours/6ID0_icn3d.pdb" for protein co-ordinates. . .

Looking for uncleaned pdb format file for CONECT records . . .NOTE: Failed to open file p6id0.pdb for CONECTs
Looking at named input file for CONECT records . . .
Reading PDB file "../../ours/6ID0_icn3d.pdb" for CONECTs . . .
PDB file contained 82 CONECT records 
WARNING: Residue SEP is not recognized by HBPLUS 
WARNING: Residue IHP is not recognized by HBPLUS 
WARNING: Residue GTP is not recognized by HBPLUS 
WARNING: Residue  MG is not recognized by HBPLUS 
WARNING: Residue  ZN is not recognized by HBPLUS 
77996 atoms selected from 10799 residues.

Found 1 elements of secondary structure and 46 chains.
82 CONRECS used.
CONECT record   10: ATOM2=ATOM1! 
CONECT record   11: ATOM2=ATOM1! 
CONECT record   15: ATOM2=ATOM1! 
CONECT record   16: ATOM2=ATOM1! 
BUG: Long Covalent bond in PDB file
CONECT record   20: ATOM2=ATOM1! 
CONECT record   21: ATOM2=ATOM1! 
CONECT record   25: ATOM2=ATOM1! 
CONECT record   26: ATOM2=ATOM1! 
CONECT record   30: ATOM2=ATOM1! 
CONECT record   31: ATOM2=ATOM1! 
CONECT record   35: ATOM2=ATOM1! 
CONECT record   36: ATOM2=ATOM1! 
CONECT record   41: ATOM2=ATOM1! 
CONECT record   44: ATOM2=ATOM1! 
CONECT record   47: ATOM2=ATOM1! 
CONECT record   48: ATOM2=ATOM1! 
Checking for disulphide bridges . . . 
0 disulphide bonds found.


Adding Polar Hydrogens.
WARNING: Cannot locate both donor antecedents of backbone 6ID0/A0025hMET N  .
WARNING: Cannot locate both donor antecedents of backbone 6ID0/C0056hGLU N  .
WARNING: Cannot locate both donor antecedents of backbone 6ID0/E0054hSER N  .
WARNING: Cannot locate both donor antecedents of backbone 6ID0/J0179hVAL N  .
WARNING: Cannot locate both donor antecedents of backbone 6ID0/L0006hILE N  .
WARNING: Cannot locate both donor antecedents of backbone 6ID0/M0114hLYS N  .
WARNING: Cannot locate both donor antecedents of backbone 6ID0/N0001hMET N  .
WARNING: 6ID0/N0101hCYS SG  forms 3 covalent bonds.
WARNING: 6ID0/N0105hCYS SG  forms 3 covalent bonds.
WARNING: 6ID0/N0119hCYS SG  forms 3 covalent bonds.
WARNING: Cannot locate both donor antecedents of backbone 6ID0/O0014hASN N  .
WARNING: 6ID0/O0183hHIS NE2 forms 3 covalent bonds.
WARNING: Cannot locate both donor antecedents of backbone 6ID0/P0003hTHR N  .
WARNING: Cannot locate both donor antecedents of backbone 6ID0/R0047hARG N  .
WARNING: Cannot locate both donor antecedents of backbone 6ID0/S0008hSER N  .
WARNING: Cannot locate both donor antecedents of backbone 6ID0/T0184hTHR N  .
WARNING: Cannot locate both donor antecedents of backbone 6ID0/W0070hVAL N  .
WARNING: Cannot locate both donor antecedents of backbone 6ID0/U0536hSER N  .
WARNING: 6ID0/U0718hHIS NE2 forms 3 covalent bonds.
WARNING: 6ID0/U0765hHIS ND1 forms 3 covalent bonds.
WARNING: Cannot locate both donor antecedents of backbone 6ID0/I0156hLEU N  .
WARNING: Cannot locate both donor antecedents of backbone 6ID0/a0003hILE N  .
WARNING: Cannot locate both donor antecedents of backbone 6ID0/b0004hGLY N  .
WARNING: Cannot locate both donor antecedents of backbone 6ID0/c0001hMET N  .
WARNING: Cannot locate both donor antecedents of backbone 6ID0/d0020hGLU N  .
WARNING: Cannot locate both donor antecedents of backbone 6ID0/f0002hSER N  .
WARNING: Cannot locate both donor antecedents of backbone 6ID0/e0014hMET N  .
WARNING: Cannot locate both donor antecedents of backbone 6ID0/g0003hLYS N  .
WARNING: Cannot locate both donor antecedents of backbone 6ID0/q0003hLEU N  .
WARNING: Cannot locate both donor antecedents of backbone 6ID0/r0003hLEU N  .
WARNING: Cannot locate both donor antecedents of backbone 6ID0/s0068hALA N  .
WARNING: Cannot locate both donor antecedents of backbone 6ID0/t0067hSER N  .
WARNING: Cannot locate both donor antecedents of backbone 6ID0/K0013hVAL N  .
WARNING: Cannot locate both donor antecedents of backbone 6ID0/h0003hILE N  .
WARNING: Cannot locate both donor antecedents of backbone 6ID0/i0004hGLY N  .
WARNING: Cannot locate both donor antecedents of backbone 6ID0/j0001hMET N  .
WARNING: Cannot locate both donor antecedents of backbone 6ID0/k0020hGLU N  .
WARNING: Cannot locate both donor antecedents of backbone 6ID0/m0002hSER N  .
WARNING: Cannot locate both donor antecedents of backbone 6ID0/l0014hMET N  .
WARNING: Cannot locate both donor antecedents of backbone 6ID0/n0005hHIS N  .
WARNING: Cannot locate both donor antecedents of backbone 6ID0/o0002hVAL N  .
WARNING: Cannot locate both donor antecedents of backbone 6ID0/p0003hILE N  .
WARNING: Cannot locate both donor antecedents of backbone 6ID0/Q0019hASN N  .
WARNING: Cannot locate both donor antecedents of backbone 6ID0/y0005hLYS N  .
Opened output file "6ID0_icn3d.hb2".
Checking for hydrogen bonds . . . 
7545 hydrogen bonds found.
